<?xml version="1.0" encoding="UTF-8"?>
<!-- Generated by org.testng.reporters.JUnitReportReporter -->
<testsuite hostname="brijeshpc" failures="0" tests="1" name="test_get" time="8.021" errors="0" timestamp="2022-02-14T15:32:11 IST" skipped="0">
  <testcase classname="test_get" name="test_01" time="8.021"/>
  <system-out/>
</testsuite> <!-- test_get -->
